# JRE version: Java(TM) SE Runtime Environment (8.0_121-b13) (build 1.8.0_121-b13)
# Java VM: Java HotSpot(TM) 64-Bit Server VM (25.121-b13 mixed mode linux-amd64 compressed oops)
Heap:
 PSYoungGen      total 74752K, used 19978K [0x000000076ce00000, 0x0000000772100000, 0x00000007c0000000)
  eden space 64512K, 16% used [0x000000076ce00000,0x000000076d888c00,0x0000000770d00000)
  from space 10240K, 89% used [0x0000000770d00000,0x00000007715f9f48,0x0000000771700000)
  to   space 10240K, 0% used [0x0000000771700000,0x0000000771700000,0x0000000772100000)
 ParOldGen       total 122368K, used 10694K [0x00000006c6a00000, 0x00000006ce180000, 0x000000076ce00000)
  object space 122368K, 8% used [0x00000006c6a00000,0x00000006c7471b80,0x00000006ce180000)
 Metaspace       used 31686K, capacity 32918K, committed 33280K, reserved 1079296K
  class space    used 3966K, capacity 4260K, committed 4352K, reserved 1048576K
GC Heap History (8 events):
Event: 1,198 GC heap before
{Heap before GC invocations=1 (full 0):
 PSYoungGen      total 74752K, used 64512K [0x000000076ce00000, 0x0000000772100000, 0x00000007c0000000)
  eden space 64512K, 100% used [0x000000076ce00000,0x0000000770d00000,0x0000000770d00000)
  from space 10240K, 0% used [0x0000000771700000,0x0000000771700000,0x0000000772100000)
  to   space 10240K, 0% used [0x0000000770d00000,0x0000000770d00000,0x0000000771700000)
 ParOldGen       total 171008K, used 0K [0x00000006c6a00000, 0x00000006d1100000, 0x000000076ce00000)
  object space 171008K, 0% used [0x00000006c6a00000,0x00000006c6a00000,0x00000006d1100000)
 Metaspace       used 15683K, capacity 16294K, committed 16512K, reserved 1062912K
  class space    used 2174K, capacity 2346K, committed 2432K, reserved 1048576K
Event: 1,206 GC heap after
Heap after GC invocations=1 (full 0):
 PSYoungGen      total 74752K, used 5648K [0x000000076ce00000, 0x0000000772100000, 0x00000007c0000000)
  eden space 64512K, 0% used [0x000000076ce00000,0x000000076ce00000,0x0000000770d00000)
  from space 10240K, 55% used [0x0000000770d00000,0x0000000771284050,0x0000000771700000)
  to   space 10240K, 0% used [0x0000000771700000,0x0000000771700000,0x0000000772100000)
 ParOldGen       total 171008K, used 80K [0x00000006c6a00000, 0x00000006d1100000, 0x000000076ce00000)
  object space 171008K, 0% used [0x00000006c6a00000,0x00000006c6a14010,0x00000006d1100000)
 Metaspace       used 15683K, capacity 16294K, committed 16512K, reserved 1062912K
  class space    used 2174K, capacity 2346K, committed 2432K, reserved 1048576K
}
Event: 3,171 GC heap before
{Heap before GC invocations=2 (full 0):
 PSYoungGen      total 74752K, used 24651K [0x000000076ce00000, 0x0000000772100000, 0x00000007c0000000)
  eden space 64512K, 29% used [0x000000076ce00000,0x000000076e08ee60,0x0000000770d00000)
  from space 10240K, 55% used [0x0000000770d00000,0x0000000771284050,0x0000000771700000)
  to   space 10240K, 0% used [0x0000000771700000,0x0000000771700000,0x0000000772100000)
 ParOldGen       total 171008K, used 80K [0x00000006c6a00000, 0x00000006d1100000, 0x000000076ce00000)
  object space 171008K, 0% used [0x00000006c6a00000,0x00000006c6a14010,0x00000006d1100000)
 Metaspace       used 20214K, capacity 21212K, committed 21296K, reserved 1067008K
  class space    used 2902K, capacity 3129K, committed 3200K, reserved 1048576K
Event: 3,183 GC heap after
Heap after GC invocations=2 (full 0):
 PSYoungGen      total 74752K, used 10226K [0x000000076ce00000, 0x0000000772100000, 0x00000007c0000000)
  eden space 64512K, 0% used [0x000000076ce00000,0x000000076ce00000,0x0000000770d00000)
  from space 10240K, 99% used [0x0000000771700000,0x00000007720fcad0,0x0000000772100000)
  to   space 10240K, 0% used [0x0000000770d00000,0x0000000770d00000,0x0000000771700000)
 ParOldGen       total 171008K, used 677K [0x00000006c6a00000, 0x00000006d1100000, 0x000000076ce00000)
  object space 171008K, 0% used [0x00000006c6a00000,0x00000006c6aa9530,0x00000006d1100000)
 Metaspace       used 20214K, capacity 21212K, committed 21296K, reserved 1067008K
  class space    used 2902K, capacity 3129K, committed 3200K, reserved 1048576K
}
Event: 3,183 GC heap before
{Heap before GC invocations=3 (full 1):
 PSYoungGen      total 74752K, used 10226K [0x000000076ce00000, 0x0000000772100000, 0x00000007c0000000)
  eden space 64512K, 0% used [0x000000076ce00000,0x000000076ce00000,0x0000000770d00000)
  from space 10240K, 99% used [0x0000000771700000,0x00000007720fcad0,0x0000000772100000)
  to   space 10240K, 0% used [0x0000000770d00000,0x0000000770d00000,0x0000000771700000)
 ParOldGen       total 171008K, used 677K [0x00000006c6a00000, 0x00000006d1100000, 0x000000076ce00000)
  object space 171008K, 0% used [0x00000006c6a00000,0x00000006c6aa9530,0x00000006d1100000)
 Metaspace       used 20214K, capacity 21212K, committed 21296K, reserved 1067008K
  class space    used 2902K, capacity 3129K, committed 3200K, reserved 1048576K
Event: 3,230 GC heap after
Heap after GC invocations=3 (full 1):
 PSYoungGen      total 74752K, used 0K [0x000000076ce00000, 0x0000000772100000, 0x00000007c0000000)
  eden space 64512K, 0% used [0x000000076ce00000,0x000000076ce00000,0x0000000770d00000)
  from space 10240K, 0% used [0x0000000771700000,0x0000000771700000,0x0000000772100000)
  to   space 10240K, 0% used [0x0000000770d00000,0x0000000770d00000,0x0000000771700000)
 ParOldGen       total 122368K, used 10678K [0x00000006c6a00000, 0x00000006ce180000, 0x000000076ce00000)
  object space 122368K, 8% used [0x00000006c6a00000,0x00000006c746db80,0x00000006ce180000)
 Metaspace       used 20214K, capacity 21212K, committed 21296K, reserved 1067008K
  class space    used 2902K, capacity 3129K, committed 3200K, reserved 1048576K
}
Event: 597,979 GC heap before
{Heap before GC invocations=4 (full 1):
 PSYoungGen      total 74752K, used 64512K [0x000000076ce00000, 0x0000000772100000, 0x00000007c0000000)
  eden space 64512K, 100% used [0x000000076ce00000,0x0000000770d00000,0x0000000770d00000)
  from space 10240K, 0% used [0x0000000771700000,0x0000000771700000,0x0000000772100000)
  to   space 10240K, 0% used [0x0000000770d00000,0x0000000770d00000,0x0000000771700000)
 ParOldGen       total 122368K, used 10678K [0x00000006c6a00000, 0x00000006ce180000, 0x000000076ce00000)
  object space 122368K, 8% used [0x00000006c6a00000,0x00000006c746db80,0x00000006ce180000)
 Metaspace       used 31527K, capacity 32656K, committed 33024K, reserved 1077248K
  class space    used 3951K, capacity 4243K, committed 4352K, reserved 1048576K
Event: 597,990 GC heap after
Heap after GC invocations=4 (full 1):
 PSYoungGen      total 74752K, used 9191K [0x000000076ce00000, 0x0000000772100000, 0x00000007c0000000)
  eden space 64512K, 0% used [0x000000076ce00000,0x000000076ce00000,0x0000000770d00000)
  from space 10240K, 89% used [0x0000000770d00000,0x00000007715f9f48,0x0000000771700000)
  to   space 10240K, 0% used [0x0000000771700000,0x0000000771700000,0x0000000772100000)
 ParOldGen       total 122368K, used 10694K [0x00000006c6a00000, 0x00000006ce180000, 0x000000076ce00000)
  object space 122368K, 8% used [0x00000006c6a00000,0x00000006c7471b80,0x00000006ce180000)
 Metaspace       used 31527K, capacity 32656K, committed 33024K, reserved 1077248K
  class space    used 3951K, capacity 4243K, committed 4352K, reserved 1048576K
}

