# JRE version: Java(TM) SE Runtime Environment (8.0_121-b13) (build 1.8.0_121-b13)
# Java VM: Java HotSpot(TM) 64-Bit Server VM (25.121-b13 mixed mode linux-amd64 compressed oops)
Heap:
 PSYoungGen      total 74752K, used 51324K [0x000000076ce00000, 0x0000000772100000, 0x00000007c0000000)
  eden space 64512K, 79% used [0x000000076ce00000,0x000000077001f3a8,0x0000000770d00000)
  from space 10240K, 0% used [0x0000000771700000,0x0000000771700000,0x0000000772100000)
  to   space 10240K, 0% used [0x0000000770d00000,0x0000000770d00000,0x0000000771700000)
 ParOldGen       total 128512K, used 10729K [0x00000006c6a00000, 0x00000006ce780000, 0x000000076ce00000)
  object space 128512K, 8% used [0x00000006c6a00000,0x00000006c747a728,0x00000006ce780000)
 Metaspace       used 32112K, capacity 33278K, committed 33536K, reserved 1079296K
  class space    used 4096K, capacity 4350K, committed 4352K, reserved 1048576K
GC Heap History (6 events):
Event: 1,886 GC heap before
{Heap before GC invocations=1 (full 0):
 PSYoungGen      total 74752K, used 63688K [0x000000076ce00000, 0x0000000772100000, 0x00000007c0000000)
  eden space 64512K, 98% used [0x000000076ce00000,0x0000000770c321d0,0x0000000770d00000)
  from space 10240K, 0% used [0x0000000771700000,0x0000000771700000,0x0000000772100000)
  to   space 10240K, 0% used [0x0000000770d00000,0x0000000770d00000,0x0000000771700000)
 ParOldGen       total 171008K, used 0K [0x00000006c6a00000, 0x00000006d1100000, 0x000000076ce00000)
  object space 171008K, 0% used [0x00000006c6a00000,0x00000006c6a00000,0x00000006d1100000)
 Metaspace       used 15571K, capacity 16152K, committed 16256K, reserved 1062912K
  class space    used 2180K, capacity 2347K, committed 2432K, reserved 1048576K
Event: 1,895 GC heap after
Heap after GC invocations=1 (full 0):
 PSYoungGen      total 74752K, used 5648K [0x000000076ce00000, 0x0000000772100000, 0x00000007c0000000)
  eden space 64512K, 0% used [0x000000076ce00000,0x000000076ce00000,0x0000000770d00000)
  from space 10240K, 55% used [0x0000000770d00000,0x0000000771284050,0x0000000771700000)
  to   space 10240K, 0% used [0x0000000771700000,0x0000000771700000,0x0000000772100000)
 ParOldGen       total 171008K, used 88K [0x00000006c6a00000, 0x00000006d1100000, 0x000000076ce00000)
  object space 171008K, 0% used [0x00000006c6a00000,0x00000006c6a16010,0x00000006d1100000)
 Metaspace       used 15571K, capacity 16152K, committed 16256K, reserved 1062912K
  class space    used 2180K, capacity 2347K, committed 2432K, reserved 1048576K
}
Event: 7,353 GC heap before
{Heap before GC invocations=2 (full 0):
 PSYoungGen      total 74752K, used 24631K [0x000000076ce00000, 0x0000000772100000, 0x00000007c0000000)
  eden space 64512K, 29% used [0x000000076ce00000,0x000000076e089dc8,0x0000000770d00000)
  from space 10240K, 55% used [0x0000000770d00000,0x0000000771284050,0x0000000771700000)
  to   space 10240K, 0% used [0x0000000771700000,0x0000000771700000,0x0000000772100000)
 ParOldGen       total 171008K, used 88K [0x00000006c6a00000, 0x00000006d1100000, 0x000000076ce00000)
  object space 171008K, 0% used [0x00000006c6a00000,0x00000006c6a16010,0x00000006d1100000)
 Metaspace       used 20214K, capacity 21228K, committed 21296K, reserved 1067008K
  class space    used 2912K, capacity 3161K, committed 3200K, reserved 1048576K
Event: 7,396 GC heap after
Heap after GC invocations=2 (full 0):
 PSYoungGen      total 74752K, used 10229K [0x000000076ce00000, 0x0000000772100000, 0x00000007c0000000)
  eden space 64512K, 0% used [0x000000076ce00000,0x000000076ce00000,0x0000000770d00000)
  from space 10240K, 99% used [0x0000000771700000,0x00000007720fd570,0x0000000772100000)
  to   space 10240K, 0% used [0x0000000770d00000,0x0000000770d00000,0x0000000771700000)
 ParOldGen       total 171008K, used 699K [0x00000006c6a00000, 0x00000006d1100000, 0x000000076ce00000)
  object space 171008K, 0% used [0x00000006c6a00000,0x00000006c6aaec30,0x00000006d1100000)
 Metaspace       used 20214K, capacity 21228K, committed 21296K, reserved 1067008K
  class space    used 2912K, capacity 3161K, committed 3200K, reserved 1048576K
}
Event: 7,396 GC heap before
{Heap before GC invocations=3 (full 1):
 PSYoungGen      total 74752K, used 10229K [0x000000076ce00000, 0x0000000772100000, 0x00000007c0000000)
  eden space 64512K, 0% used [0x000000076ce00000,0x000000076ce00000,0x0000000770d00000)
  from space 10240K, 99% used [0x0000000771700000,0x00000007720fd570,0x0000000772100000)
  to   space 10240K, 0% used [0x0000000770d00000,0x0000000770d00000,0x0000000771700000)
 ParOldGen       total 171008K, used 699K [0x00000006c6a00000, 0x00000006d1100000, 0x000000076ce00000)
  object space 171008K, 0% used [0x00000006c6a00000,0x00000006c6aaec30,0x00000006d1100000)
 Metaspace       used 20214K, capacity 21228K, committed 21296K, reserved 1067008K
  class space    used 2912K, capacity 3161K, committed 3200K, reserved 1048576K
Event: 7,587 GC heap after
Heap after GC invocations=3 (full 1):
 PSYoungGen      total 74752K, used 0K [0x000000076ce00000, 0x0000000772100000, 0x00000007c0000000)
  eden space 64512K, 0% used [0x000000076ce00000,0x000000076ce00000,0x0000000770d00000)
  from space 10240K, 0% used [0x0000000771700000,0x0000000771700000,0x0000000772100000)
  to   space 10240K, 0% used [0x0000000770d00000,0x0000000770d00000,0x0000000771700000)
 ParOldGen       total 128512K, used 10729K [0x00000006c6a00000, 0x00000006ce780000, 0x000000076ce00000)
  object space 128512K, 8% used [0x00000006c6a00000,0x00000006c747a728,0x00000006ce780000)
 Metaspace       used 20214K, capacity 21228K, committed 21296K, reserved 1067008K
  class space    used 2912K, capacity 3161K, committed 3200K, reserved 1048576K
}

