# JRE version: Java(TM) SE Runtime Environment (8.0_121-b13) (build 1.8.0_121-b13)
# Java VM: Java HotSpot(TM) 64-Bit Server VM (25.121-b13 mixed mode linux-amd64 compressed oops)
Heap:
 PSYoungGen      total 74752K, used 4016K [0x000000076ce00000, 0x0000000772100000, 0x00000007c0000000)
  eden space 64512K, 6% used [0x000000076ce00000,0x000000076d1ec218,0x0000000770d00000)
  from space 10240K, 0% used [0x0000000771700000,0x0000000771700000,0x0000000772100000)
  to   space 10240K, 0% used [0x0000000770d00000,0x0000000770d00000,0x0000000771700000)
 ParOldGen       total 116736K, used 15613K [0x00000006c6a00000, 0x00000006cdc00000, 0x000000076ce00000)
  object space 116736K, 13% used [0x00000006c6a00000,0x00000006c793f4a0,0x00000006cdc00000)
 Metaspace       used 35746K, capacity 36914K, committed 37248K, reserved 1081344K
  class space    used 4644K, capacity 4934K, committed 4992K, reserved 1048576K
GC Heap History (10 events):
Event: 4,811 GC heap before
{Heap before GC invocations=2 (full 0):
 PSYoungGen      total 74752K, used 26541K [0x000000076ce00000, 0x0000000772100000, 0x00000007c0000000)
  eden space 64512K, 32% used [0x000000076ce00000,0x000000076e273640,0x0000000770d00000)
  from space 10240K, 54% used [0x0000000770d00000,0x0000000771278040,0x0000000771700000)
  to   space 10240K, 0% used [0x0000000771700000,0x0000000771700000,0x0000000772100000)
 ParOldGen       total 171008K, used 80K [0x00000006c6a00000, 0x00000006d1100000, 0x000000076ce00000)
  object space 171008K, 0% used [0x00000006c6a00000,0x00000006c6a14010,0x00000006d1100000)
 Metaspace       used 20194K, capacity 21224K, committed 21296K, reserved 1067008K
  class space    used 2912K, capacity 3161K, committed 3200K, reserved 1048576K
Event: 4,824 GC heap after
Heap after GC invocations=2 (full 0):
 PSYoungGen      total 74752K, used 10213K [0x000000076ce00000, 0x0000000772100000, 0x00000007c0000000)
  eden space 64512K, 0% used [0x000000076ce00000,0x000000076ce00000,0x0000000770d00000)
  from space 10240K, 99% used [0x0000000771700000,0x00000007720f9580,0x0000000772100000)
  to   space 10240K, 0% used [0x0000000770d00000,0x0000000770d00000,0x0000000771700000)
 ParOldGen       total 171008K, used 470K [0x00000006c6a00000, 0x00000006d1100000, 0x000000076ce00000)
  object space 171008K, 0% used [0x00000006c6a00000,0x00000006c6a75bd8,0x00000006d1100000)
 Metaspace       used 20194K, capacity 21224K, committed 21296K, reserved 1067008K
  class space    used 2912K, capacity 3161K, committed 3200K, reserved 1048576K
}
Event: 4,824 GC heap before
{Heap before GC invocations=3 (full 1):
 PSYoungGen      total 74752K, used 10213K [0x000000076ce00000, 0x0000000772100000, 0x00000007c0000000)
  eden space 64512K, 0% used [0x000000076ce00000,0x000000076ce00000,0x0000000770d00000)
  from space 10240K, 99% used [0x0000000771700000,0x00000007720f9580,0x0000000772100000)
  to   space 10240K, 0% used [0x0000000770d00000,0x0000000770d00000,0x0000000771700000)
 ParOldGen       total 171008K, used 470K [0x00000006c6a00000, 0x00000006d1100000, 0x000000076ce00000)
  object space 171008K, 0% used [0x00000006c6a00000,0x00000006c6a75bd8,0x00000006d1100000)
 Metaspace       used 20194K, capacity 21224K, committed 21296K, reserved 1067008K
  class space    used 2912K, capacity 3161K, committed 3200K, reserved 1048576K
Event: 4,858 GC heap after
Heap after GC invocations=3 (full 1):
 PSYoungGen      total 74752K, used 0K [0x000000076ce00000, 0x0000000772100000, 0x00000007c0000000)
  eden space 64512K, 0% used [0x000000076ce00000,0x000000076ce00000,0x0000000770d00000)
  from space 10240K, 0% used [0x0000000771700000,0x0000000771700000,0x0000000772100000)
  to   space 10240K, 0% used [0x0000000770d00000,0x0000000770d00000,0x0000000771700000)
 ParOldGen       total 111616K, used 10528K [0x00000006c6a00000, 0x00000006cd700000, 0x000000076ce00000)
  object space 111616K, 9% used [0x00000006c6a00000,0x00000006c74482c8,0x00000006cd700000)
 Metaspace       used 20194K, capacity 21224K, committed 21296K, reserved 1067008K
  class space    used 2912K, capacity 3161K, committed 3200K, reserved 1048576K
}
Event: 229,220 GC heap before
{Heap before GC invocations=4 (full 1):
 PSYoungGen      total 74752K, used 64512K [0x000000076ce00000, 0x0000000772100000, 0x00000007c0000000)
  eden space 64512K, 100% used [0x000000076ce00000,0x0000000770d00000,0x0000000770d00000)
  from space 10240K, 0% used [0x0000000771700000,0x0000000771700000,0x0000000772100000)
  to   space 10240K, 0% used [0x0000000770d00000,0x0000000770d00000,0x0000000771700000)
 ParOldGen       total 111616K, used 10528K [0x00000006c6a00000, 0x00000006cd700000, 0x000000076ce00000)
  object space 111616K, 9% used [0x00000006c6a00000,0x00000006c74482c8,0x00000006cd700000)
 Metaspace       used 31184K, capacity 32346K, committed 32640K, reserved 1077248K
  class space    used 3949K, capacity 4208K, committed 4224K, reserved 1048576K
Event: 229,232 GC heap after
Heap after GC invocations=4 (full 1):
 PSYoungGen      total 74752K, used 8211K [0x000000076ce00000, 0x0000000772100000, 0x00000007c0000000)
  eden space 64512K, 0% used [0x000000076ce00000,0x000000076ce00000,0x0000000770d00000)
  from space 10240K, 80% used [0x0000000770d00000,0x0000000771504f20,0x0000000771700000)
  to   space 10240K, 0% used [0x0000000771700000,0x0000000771700000,0x0000000772100000)
 ParOldGen       total 111616K, used 10536K [0x00000006c6a00000, 0x00000006cd700000, 0x000000076ce00000)
  object space 111616K, 9% used [0x00000006c6a00000,0x00000006c744a2c8,0x00000006cd700000)
 Metaspace       used 31184K, capacity 32346K, committed 32640K, reserved 1077248K
  class space    used 3949K, capacity 4208K, committed 4224K, reserved 1048576K
}
Event: 710,050 GC heap before
{Heap before GC invocations=5 (full 1):
 PSYoungGen      total 74752K, used 25855K [0x000000076ce00000, 0x0000000772100000, 0x00000007c0000000)
  eden space 64512K, 27% used [0x000000076ce00000,0x000000076df3ad80,0x0000000770d00000)
  from space 10240K, 80% used [0x0000000770d00000,0x0000000771504f20,0x0000000771700000)
  to   space 10240K, 0% used [0x0000000771700000,0x0000000771700000,0x0000000772100000)
 ParOldGen       total 111616K, used 10536K [0x00000006c6a00000, 0x00000006cd700000, 0x000000076ce00000)
  object space 111616K, 9% used [0x00000006c6a00000,0x00000006c744a2c8,0x00000006cd700000)
 Metaspace       used 33971K, capacity 35142K, committed 35456K, reserved 1079296K
  class space    used 4346K, capacity 4644K, committed 4736K, reserved 1048576K
Event: 710,056 GC heap after
Heap after GC invocations=5 (full 1):
 PSYoungGen      total 74752K, used 5986K [0x000000076ce00000, 0x0000000772100000, 0x00000007c0000000)
  eden space 64512K, 0% used [0x000000076ce00000,0x000000076ce00000,0x0000000770d00000)
  from space 10240K, 58% used [0x0000000771700000,0x0000000771cd8980,0x0000000772100000)
  to   space 10240K, 0% used [0x0000000770d00000,0x0000000770d00000,0x0000000771700000)
 ParOldGen       total 111616K, used 10552K [0x00000006c6a00000, 0x00000006cd700000, 0x000000076ce00000)
  object space 111616K, 9% used [0x00000006c6a00000,0x00000006c744e2c8,0x00000006cd700000)
 Metaspace       used 33971K, capacity 35142K, committed 35456K, reserved 1079296K
  class space    used 4346K, capacity 4644K, committed 4736K, reserved 1048576K
}
Event: 710,056 GC heap before
{Heap before GC invocations=6 (full 2):
 PSYoungGen      total 74752K, used 5986K [0x000000076ce00000, 0x0000000772100000, 0x00000007c0000000)
  eden space 64512K, 0% used [0x000000076ce00000,0x000000076ce00000,0x0000000770d00000)
  from space 10240K, 58% used [0x0000000771700000,0x0000000771cd8980,0x0000000772100000)
  to   space 10240K, 0% used [0x0000000770d00000,0x0000000770d00000,0x0000000771700000)
 ParOldGen       total 111616K, used 10552K [0x00000006c6a00000, 0x00000006cd700000, 0x000000076ce00000)
  object space 111616K, 9% used [0x00000006c6a00000,0x00000006c744e2c8,0x00000006cd700000)
 Metaspace       used 33971K, capacity 35142K, committed 35456K, reserved 1079296K
  class space    used 4346K, capacity 4644K, committed 4736K, reserved 1048576K
Event: 710,224 GC heap after
Heap after GC invocations=6 (full 2):
 PSYoungGen      total 74752K, used 0K [0x000000076ce00000, 0x0000000772100000, 0x00000007c0000000)
  eden space 64512K, 0% used [0x000000076ce00000,0x000000076ce00000,0x0000000770d00000)
  from space 10240K, 0% used [0x0000000771700000,0x0000000771700000,0x0000000772100000)
  to   space 10240K, 0% used [0x0000000770d00000,0x0000000770d00000,0x0000000771700000)
 ParOldGen       total 116736K, used 15613K [0x00000006c6a00000, 0x00000006cdc00000, 0x000000076ce00000)
  object space 116736K, 13% used [0x00000006c6a00000,0x00000006c793f4a0,0x00000006cdc00000)
 Metaspace       used 33971K, capacity 35142K, committed 35456K, reserved 1079296K
  class space    used 4346K, capacity 4644K, committed 4736K, reserved 1048576K
}

