# JRE version: Java(TM) SE Runtime Environment (8.0_121-b13) (build 1.8.0_121-b13)
# Java VM: Java HotSpot(TM) 64-Bit Server VM (25.121-b13 mixed mode linux-amd64 compressed oops)
Heap:
 PSYoungGen      total 74752K, used 38333K [0x000000076ce00000, 0x0000000772100000, 0x00000007c0000000)
  eden space 64512K, 43% used [0x000000076ce00000,0x000000076e976180,0x0000000770d00000)
  from space 10240K, 99% used [0x0000000770d00000,0x00000007716f9318,0x0000000771700000)
  to   space 10240K, 0% used [0x0000000771700000,0x0000000771700000,0x0000000772100000)
 ParOldGen       total 114176K, used 11161K [0x00000006c6a00000, 0x00000006cd980000, 0x000000076ce00000)
  object space 114176K, 9% used [0x00000006c6a00000,0x00000006c74e65b0,0x00000006cd980000)
 Metaspace       used 31640K, capacity 32806K, committed 33152K, reserved 1079296K
  class space    used 3956K, capacity 4212K, committed 4224K, reserved 1048576K
GC Heap History (8 events):
Event: 0,984 GC heap before
{Heap before GC invocations=1 (full 0):
 PSYoungGen      total 74752K, used 63688K [0x000000076ce00000, 0x0000000772100000, 0x00000007c0000000)
  eden space 64512K, 98% used [0x000000076ce00000,0x0000000770c321c0,0x0000000770d00000)
  from space 10240K, 0% used [0x0000000771700000,0x0000000771700000,0x0000000772100000)
  to   space 10240K, 0% used [0x0000000770d00000,0x0000000770d00000,0x0000000771700000)
 ParOldGen       total 171008K, used 0K [0x00000006c6a00000, 0x00000006d1100000, 0x000000076ce00000)
  object space 171008K, 0% used [0x00000006c6a00000,0x00000006c6a00000,0x00000006d1100000)
 Metaspace       used 15566K, capacity 16148K, committed 16256K, reserved 1062912K
  class space    used 2180K, capacity 2347K, committed 2432K, reserved 1048576K
Event: 0,992 GC heap after
Heap after GC invocations=1 (full 0):
 PSYoungGen      total 74752K, used 5696K [0x000000076ce00000, 0x0000000772100000, 0x00000007c0000000)
  eden space 64512K, 0% used [0x000000076ce00000,0x000000076ce00000,0x0000000770d00000)
  from space 10240K, 55% used [0x0000000770d00000,0x0000000771290020,0x0000000771700000)
  to   space 10240K, 0% used [0x0000000771700000,0x0000000771700000,0x0000000772100000)
 ParOldGen       total 171008K, used 88K [0x00000006c6a00000, 0x00000006d1100000, 0x000000076ce00000)
  object space 171008K, 0% used [0x00000006c6a00000,0x00000006c6a16010,0x00000006d1100000)
 Metaspace       used 15566K, capacity 16148K, committed 16256K, reserved 1062912K
  class space    used 2180K, capacity 2347K, committed 2432K, reserved 1048576K
}
Event: 5,317 GC heap before
{Heap before GC invocations=2 (full 0):
 PSYoungGen      total 74752K, used 24681K [0x000000076ce00000, 0x0000000772100000, 0x00000007c0000000)
  eden space 64512K, 29% used [0x000000076ce00000,0x000000076e08a6b8,0x0000000770d00000)
  from space 10240K, 55% used [0x0000000770d00000,0x0000000771290020,0x0000000771700000)
  to   space 10240K, 0% used [0x0000000771700000,0x0000000771700000,0x0000000772100000)
 ParOldGen       total 171008K, used 88K [0x00000006c6a00000, 0x00000006d1100000, 0x000000076ce00000)
  object space 171008K, 0% used [0x00000006c6a00000,0x00000006c6a16010,0x00000006d1100000)
 Metaspace       used 20202K, capacity 21232K, committed 21296K, reserved 1067008K
  class space    used 2914K, capacity 3161K, committed 3200K, reserved 1048576K
Event: 5,332 GC heap after
Heap after GC invocations=2 (full 0):
 PSYoungGen      total 74752K, used 10232K [0x000000076ce00000, 0x0000000772100000, 0x00000007c0000000)
  eden space 64512K, 0% used [0x000000076ce00000,0x000000076ce00000,0x0000000770d00000)
  from space 10240K, 99% used [0x0000000771700000,0x00000007720fe000,0x0000000772100000)
  to   space 10240K, 0% used [0x0000000770d00000,0x0000000770d00000,0x0000000771700000)
 ParOldGen       total 171008K, used 667K [0x00000006c6a00000, 0x00000006d1100000, 0x000000076ce00000)
  object space 171008K, 0% used [0x00000006c6a00000,0x00000006c6aa6c20,0x00000006d1100000)
 Metaspace       used 20202K, capacity 21232K, committed 21296K, reserved 1067008K
  class space    used 2914K, capacity 3161K, committed 3200K, reserved 1048576K
}
Event: 5,332 GC heap before
{Heap before GC invocations=3 (full 1):
 PSYoungGen      total 74752K, used 10232K [0x000000076ce00000, 0x0000000772100000, 0x00000007c0000000)
  eden space 64512K, 0% used [0x000000076ce00000,0x000000076ce00000,0x0000000770d00000)
  from space 10240K, 99% used [0x0000000771700000,0x00000007720fe000,0x0000000772100000)
  to   space 10240K, 0% used [0x0000000770d00000,0x0000000770d00000,0x0000000771700000)
 ParOldGen       total 171008K, used 667K [0x00000006c6a00000, 0x00000006d1100000, 0x000000076ce00000)
  object space 171008K, 0% used [0x00000006c6a00000,0x00000006c6aa6c20,0x00000006d1100000)
 Metaspace       used 20202K, capacity 21232K, committed 21296K, reserved 1067008K
  class space    used 2914K, capacity 3161K, committed 3200K, reserved 1048576K
Event: 5,373 GC heap after
Heap after GC invocations=3 (full 1):
 PSYoungGen      total 74752K, used 0K [0x000000076ce00000, 0x0000000772100000, 0x00000007c0000000)
  eden space 64512K, 0% used [0x000000076ce00000,0x000000076ce00000,0x0000000770d00000)
  from space 10240K, 0% used [0x0000000771700000,0x0000000771700000,0x0000000772100000)
  to   space 10240K, 0% used [0x0000000770d00000,0x0000000770d00000,0x0000000771700000)
 ParOldGen       total 114176K, used 10735K [0x00000006c6a00000, 0x00000006cd980000, 0x000000076ce00000)
  object space 114176K, 9% used [0x00000006c6a00000,0x00000006c747bdb8,0x00000006cd980000)
 Metaspace       used 20202K, capacity 21232K, committed 21296K, reserved 1067008K
  class space    used 2914K, capacity 3161K, committed 3200K, reserved 1048576K
}
Event: 125,305 GC heap before
{Heap before GC invocations=4 (full 1):
 PSYoungGen      total 74752K, used 64512K [0x000000076ce00000, 0x0000000772100000, 0x00000007c0000000)
  eden space 64512K, 100% used [0x000000076ce00000,0x0000000770d00000,0x0000000770d00000)
  from space 10240K, 0% used [0x0000000771700000,0x0000000771700000,0x0000000772100000)
  to   space 10240K, 0% used [0x0000000770d00000,0x0000000770d00000,0x0000000771700000)
 ParOldGen       total 114176K, used 10735K [0x00000006c6a00000, 0x00000006cd980000, 0x000000076ce00000)
  object space 114176K, 9% used [0x00000006c6a00000,0x00000006c747bdb8,0x00000006cd980000)
 Metaspace       used 31220K, capacity 32344K, committed 32640K, reserved 1077248K
  class space    used 3950K, capacity 4211K, committed 4224K, reserved 1048576K
Event: 125,314 GC heap after
Heap after GC invocations=4 (full 1):
 PSYoungGen      total 74752K, used 10212K [0x000000076ce00000, 0x0000000772100000, 0x00000007c0000000)
  eden space 64512K, 0% used [0x000000076ce00000,0x000000076ce00000,0x0000000770d00000)
  from space 10240K, 99% used [0x0000000770d00000,0x00000007716f9318,0x0000000771700000)
  to   space 10240K, 0% used [0x0000000771700000,0x0000000771700000,0x0000000772100000)
 ParOldGen       total 114176K, used 11161K [0x00000006c6a00000, 0x00000006cd980000, 0x000000076ce00000)
  object space 114176K, 9% used [0x00000006c6a00000,0x00000006c74e65b0,0x00000006cd980000)
 Metaspace       used 31220K, capacity 32344K, committed 32640K, reserved 1077248K
  class space    used 3950K, capacity 4211K, committed 4224K, reserved 1048576K
}

