# JRE version: Java(TM) SE Runtime Environment (8.0_121-b13) (build 1.8.0_121-b13)
# Java VM: Java HotSpot(TM) 64-Bit Server VM (25.121-b13 mixed mode linux-amd64 compressed oops)
Heap:
 PSYoungGen      total 74752K, used 20176K [0x000000076ce00000, 0x0000000772100000, 0x00000007c0000000)
  eden space 64512K, 31% used [0x000000076ce00000,0x000000076e1b4300,0x0000000770d00000)
  from space 10240K, 0% used [0x0000000771700000,0x0000000771700000,0x0000000772100000)
  to   space 10240K, 0% used [0x0000000770d00000,0x0000000770d00000,0x0000000771700000)
 ParOldGen       total 112128K, used 10854K [0x00000006c6a00000, 0x00000006cd780000, 0x000000076ce00000)
  object space 112128K, 9% used [0x00000006c6a00000,0x00000006c7499b30,0x00000006cd780000)
 Metaspace       used 27637K, capacity 28776K, committed 29056K, reserved 1075200K
  class space    used 3640K, capacity 3893K, committed 3968K, reserved 1048576K
GC Heap History (6 events):
Event: 0,806 GC heap before
{Heap before GC invocations=1 (full 0):
 PSYoungGen      total 74752K, used 63688K [0x000000076ce00000, 0x0000000772100000, 0x00000007c0000000)
  eden space 64512K, 98% used [0x000000076ce00000,0x0000000770c320d8,0x0000000770d00000)
  from space 10240K, 0% used [0x0000000771700000,0x0000000771700000,0x0000000772100000)
  to   space 10240K, 0% used [0x0000000770d00000,0x0000000770d00000,0x0000000771700000)
 ParOldGen       total 171008K, used 0K [0x00000006c6a00000, 0x00000006d1100000, 0x000000076ce00000)
  object space 171008K, 0% used [0x00000006c6a00000,0x00000006c6a00000,0x00000006d1100000)
 Metaspace       used 15569K, capacity 16152K, committed 16256K, reserved 1062912K
  class space    used 2180K, capacity 2347K, committed 2432K, reserved 1048576K
Event: 0,813 GC heap after
Heap after GC invocations=1 (full 0):
 PSYoungGen      total 74752K, used 5696K [0x000000076ce00000, 0x0000000772100000, 0x00000007c0000000)
  eden space 64512K, 0% used [0x000000076ce00000,0x000000076ce00000,0x0000000770d00000)
  from space 10240K, 55% used [0x0000000770d00000,0x0000000771290040,0x0000000771700000)
  to   space 10240K, 0% used [0x0000000771700000,0x0000000771700000,0x0000000772100000)
 ParOldGen       total 171008K, used 88K [0x00000006c6a00000, 0x00000006d1100000, 0x000000076ce00000)
  object space 171008K, 0% used [0x00000006c6a00000,0x00000006c6a16010,0x00000006d1100000)
 Metaspace       used 15569K, capacity 16152K, committed 16256K, reserved 1062912K
  class space    used 2180K, capacity 2347K, committed 2432K, reserved 1048576K
}
Event: 4,973 GC heap before
{Heap before GC invocations=2 (full 0):
 PSYoungGen      total 74752K, used 29213K [0x000000076ce00000, 0x0000000772100000, 0x00000007c0000000)
  eden space 64512K, 36% used [0x000000076ce00000,0x000000076e4f7450,0x0000000770d00000)
  from space 10240K, 55% used [0x0000000770d00000,0x0000000771290040,0x0000000771700000)
  to   space 10240K, 0% used [0x0000000771700000,0x0000000771700000,0x0000000772100000)
 ParOldGen       total 171008K, used 88K [0x00000006c6a00000, 0x00000006d1100000, 0x000000076ce00000)
  object space 171008K, 0% used [0x00000006c6a00000,0x00000006c6a16010,0x00000006d1100000)
 Metaspace       used 20234K, capacity 21208K, committed 21296K, reserved 1067008K
  class space    used 2901K, capacity 3129K, committed 3200K, reserved 1048576K
Event: 4,989 GC heap after
Heap after GC invocations=2 (full 0):
 PSYoungGen      total 74752K, used 10237K [0x000000076ce00000, 0x0000000772100000, 0x00000007c0000000)
  eden space 64512K, 0% used [0x000000076ce00000,0x000000076ce00000,0x0000000770d00000)
  from space 10240K, 99% used [0x0000000771700000,0x00000007720ff4d8,0x0000000772100000)
  to   space 10240K, 0% used [0x0000000770d00000,0x0000000770d00000,0x0000000771700000)
 ParOldGen       total 171008K, used 938K [0x00000006c6a00000, 0x00000006d1100000, 0x000000076ce00000)
  object space 171008K, 0% used [0x00000006c6a00000,0x00000006c6aea838,0x00000006d1100000)
 Metaspace       used 20234K, capacity 21208K, committed 21296K, reserved 1067008K
  class space    used 2901K, capacity 3129K, committed 3200K, reserved 1048576K
}
Event: 4,989 GC heap before
{Heap before GC invocations=3 (full 1):
 PSYoungGen      total 74752K, used 10237K [0x000000076ce00000, 0x0000000772100000, 0x00000007c0000000)
  eden space 64512K, 0% used [0x000000076ce00000,0x000000076ce00000,0x0000000770d00000)
  from space 10240K, 99% used [0x0000000771700000,0x00000007720ff4d8,0x0000000772100000)
  to   space 10240K, 0% used [0x0000000770d00000,0x0000000770d00000,0x0000000771700000)
 ParOldGen       total 171008K, used 938K [0x00000006c6a00000, 0x00000006d1100000, 0x000000076ce00000)
  object space 171008K, 0% used [0x00000006c6a00000,0x00000006c6aea838,0x00000006d1100000)
 Metaspace       used 20234K, capacity 21208K, committed 21296K, reserved 1067008K
  class space    used 2901K, capacity 3129K, committed 3200K, reserved 1048576K
Event: 5,024 GC heap after
Heap after GC invocations=3 (full 1):
 PSYoungGen      total 74752K, used 0K [0x000000076ce00000, 0x0000000772100000, 0x00000007c0000000)
  eden space 64512K, 0% used [0x000000076ce00000,0x000000076ce00000,0x0000000770d00000)
  from space 10240K, 0% used [0x0000000771700000,0x0000000771700000,0x0000000772100000)
  to   space 10240K, 0% used [0x0000000770d00000,0x0000000770d00000,0x0000000771700000)
 ParOldGen       total 112128K, used 10854K [0x00000006c6a00000, 0x00000006cd780000, 0x000000076ce00000)
  object space 112128K, 9% used [0x00000006c6a00000,0x00000006c7499b30,0x00000006cd780000)
 Metaspace       used 20234K, capacity 21208K, committed 21296K, reserved 1067008K
  class space    used 2901K, capacity 3129K, committed 3200K, reserved 1048576K
}

