# JRE version: Java(TM) SE Runtime Environment (8.0_121-b13) (build 1.8.0_121-b13)
# Java VM: Java HotSpot(TM) 64-Bit Server VM (25.121-b13 mixed mode linux-amd64 compressed oops)
Heap:
 PSYoungGen      total 74752K, used 16031K [0x000000076ce00000, 0x0000000772e00000, 0x00000007c0000000)
  eden space 64512K, 13% used [0x000000076ce00000,0x000000076d695d90,0x0000000770d00000)
  from space 10240K, 70% used [0x0000000770d00000,0x00000007714121b0,0x0000000771700000)
  to   space 10240K, 0% used [0x0000000772400000,0x0000000772400000,0x0000000772e00000)
 ParOldGen       total 123904K, used 10942K [0x00000006c6a00000, 0x00000006ce300000, 0x000000076ce00000)
  object space 123904K, 8% used [0x00000006c6a00000,0x00000006c74af8a0,0x00000006ce300000)
 Metaspace       used 31681K, capacity 32918K, committed 33280K, reserved 1079296K
  class space    used 3974K, capacity 4260K, committed 4352K, reserved 1048576K
GC Heap History (8 events):
Event: 7,220 GC heap before
{Heap before GC invocations=1 (full 0):
 PSYoungGen      total 74752K, used 63688K [0x000000076ce00000, 0x0000000772100000, 0x00000007c0000000)
  eden space 64512K, 98% used [0x000000076ce00000,0x0000000770c32050,0x0000000770d00000)
  from space 10240K, 0% used [0x0000000771700000,0x0000000771700000,0x0000000772100000)
  to   space 10240K, 0% used [0x0000000770d00000,0x0000000770d00000,0x0000000771700000)
 ParOldGen       total 171008K, used 0K [0x00000006c6a00000, 0x00000006d1100000, 0x000000076ce00000)
  object space 171008K, 0% used [0x00000006c6a00000,0x00000006c6a00000,0x00000006d1100000)
 Metaspace       used 15530K, capacity 16152K, committed 16256K, reserved 1062912K
  class space    used 2179K, capacity 2347K, committed 2432K, reserved 1048576K
Event: 7,249 GC heap after
Heap after GC invocations=1 (full 0):
 PSYoungGen      total 74752K, used 5712K [0x000000076ce00000, 0x0000000772100000, 0x00000007c0000000)
  eden space 64512K, 0% used [0x000000076ce00000,0x000000076ce00000,0x0000000770d00000)
  from space 10240K, 55% used [0x0000000770d00000,0x0000000771294030,0x0000000771700000)
  to   space 10240K, 0% used [0x0000000771700000,0x0000000771700000,0x0000000772100000)
 ParOldGen       total 171008K, used 80K [0x00000006c6a00000, 0x00000006d1100000, 0x000000076ce00000)
  object space 171008K, 0% used [0x00000006c6a00000,0x00000006c6a14010,0x00000006d1100000)
 Metaspace       used 15530K, capacity 16152K, committed 16256K, reserved 1062912K
  class space    used 2179K, capacity 2347K, committed 2432K, reserved 1048576K
}
Event: 17,105 GC heap before
{Heap before GC invocations=2 (full 0):
 PSYoungGen      total 74752K, used 27701K [0x000000076ce00000, 0x0000000772100000, 0x00000007c0000000)
  eden space 64512K, 34% used [0x000000076ce00000,0x000000076e379510,0x0000000770d00000)
  from space 10240K, 55% used [0x0000000770d00000,0x0000000771294030,0x0000000771700000)
  to   space 10240K, 0% used [0x0000000771700000,0x0000000771700000,0x0000000772100000)
 ParOldGen       total 171008K, used 80K [0x00000006c6a00000, 0x00000006d1100000, 0x000000076ce00000)
  object space 171008K, 0% used [0x00000006c6a00000,0x00000006c6a14010,0x00000006d1100000)
 Metaspace       used 20223K, capacity 21254K, committed 21296K, reserved 1067008K
  class space    used 2928K, capacity 3182K, committed 3200K, reserved 1048576K
Event: 17,144 GC heap after
Heap after GC invocations=2 (full 0):
 PSYoungGen      total 74752K, used 10226K [0x000000076ce00000, 0x0000000772100000, 0x00000007c0000000)
  eden space 64512K, 0% used [0x000000076ce00000,0x000000076ce00000,0x0000000770d00000)
  from space 10240K, 99% used [0x0000000771700000,0x00000007720fcaf0,0x0000000772100000)
  to   space 10240K, 0% used [0x0000000770d00000,0x0000000770d00000,0x0000000771700000)
 ParOldGen       total 171008K, used 765K [0x00000006c6a00000, 0x00000006d1100000, 0x000000076ce00000)
  object space 171008K, 0% used [0x00000006c6a00000,0x00000006c6abf520,0x00000006d1100000)
 Metaspace       used 20223K, capacity 21254K, committed 21296K, reserved 1067008K
  class space    used 2928K, capacity 3182K, committed 3200K, reserved 1048576K
}
Event: 17,144 GC heap before
{Heap before GC invocations=3 (full 1):
 PSYoungGen      total 74752K, used 10226K [0x000000076ce00000, 0x0000000772100000, 0x00000007c0000000)
  eden space 64512K, 0% used [0x000000076ce00000,0x000000076ce00000,0x0000000770d00000)
  from space 10240K, 99% used [0x0000000771700000,0x00000007720fcaf0,0x0000000772100000)
  to   space 10240K, 0% used [0x0000000770d00000,0x0000000770d00000,0x0000000771700000)
 ParOldGen       total 171008K, used 765K [0x00000006c6a00000, 0x00000006d1100000, 0x000000076ce00000)
  object space 171008K, 0% used [0x00000006c6a00000,0x00000006c6abf520,0x00000006d1100000)
 Metaspace       used 20223K, capacity 21254K, committed 21296K, reserved 1067008K
  class space    used 2928K, capacity 3182K, committed 3200K, reserved 1048576K
Event: 17,316 GC heap after
Heap after GC invocations=3 (full 1):
 PSYoungGen      total 74752K, used 0K [0x000000076ce00000, 0x0000000772100000, 0x00000007c0000000)
  eden space 64512K, 0% used [0x000000076ce00000,0x000000076ce00000,0x0000000770d00000)
  from space 10240K, 0% used [0x0000000771700000,0x0000000771700000,0x0000000772100000)
  to   space 10240K, 0% used [0x0000000770d00000,0x0000000770d00000,0x0000000771700000)
 ParOldGen       total 123904K, used 10934K [0x00000006c6a00000, 0x00000006ce300000, 0x000000076ce00000)
  object space 123904K, 8% used [0x00000006c6a00000,0x00000006c74ad8a0,0x00000006ce300000)
 Metaspace       used 20223K, capacity 21254K, committed 21296K, reserved 1067008K
  class space    used 2928K, capacity 3182K, committed 3200K, reserved 1048576K
}
Event: 192,434 GC heap before
{Heap before GC invocations=4 (full 1):
 PSYoungGen      total 74752K, used 64512K [0x000000076ce00000, 0x0000000772100000, 0x00000007c0000000)
  eden space 64512K, 100% used [0x000000076ce00000,0x0000000770d00000,0x0000000770d00000)
  from space 10240K, 0% used [0x0000000771700000,0x0000000771700000,0x0000000772100000)
  to   space 10240K, 0% used [0x0000000770d00000,0x0000000770d00000,0x0000000771700000)
 ParOldGen       total 123904K, used 10934K [0x00000006c6a00000, 0x00000006ce300000, 0x000000076ce00000)
  object space 123904K, 8% used [0x00000006c6a00000,0x00000006c74ad8a0,0x00000006ce300000)
 Metaspace       used 31544K, capacity 32770K, committed 33024K, reserved 1077248K
  class space    used 3966K, capacity 4254K, committed 4352K, reserved 1048576K
Event: 192,442 GC heap after
Heap after GC invocations=4 (full 1):
 PSYoungGen      total 74752K, used 7240K [0x000000076ce00000, 0x0000000772e00000, 0x00000007c0000000)
  eden space 64512K, 0% used [0x000000076ce00000,0x000000076ce00000,0x0000000770d00000)
  from space 10240K, 70% used [0x0000000770d00000,0x00000007714121b0,0x0000000771700000)
  to   space 10240K, 0% used [0x0000000772400000,0x0000000772400000,0x0000000772e00000)
 ParOldGen       total 123904K, used 10942K [0x00000006c6a00000, 0x00000006ce300000, 0x000000076ce00000)
  object space 123904K, 8% used [0x00000006c6a00000,0x00000006c74af8a0,0x00000006ce300000)
 Metaspace       used 31544K, capacity 32770K, committed 33024K, reserved 1077248K
  class space    used 3966K, capacity 4254K, committed 4352K, reserved 1048576K
}

